# JRE version: Java(TM) SE Runtime Environment 18.9 (11.0.12+8) (build 11.0.12+8-LTS-237)
# Java VM: Java HotSpot(TM) 64-Bit Server VM 18.9 (11.0.12+8-LTS-237, mixed mode, tiered, compressed oops, g1 gc, windows-amd64)
Heap:
 garbage-first heap   total 260096K, used 27896K [0x0000000702000000, 0x0000000800000000)
  region size 1024K, 22 young (22528K), 8 survivors (8192K)
 Metaspace       used 36453K, capacity 37460K, committed 37632K, reserved 1081344K
  class space    used 4390K, capacity 4756K, committed 4864K, reserved 1048576K
GC Heap History (10 events):
Event: 1.389 GC heap before
{Heap before GC invocations=0 (full 0):
 garbage-first heap   total 260096K, used 24576K [0x0000000702000000, 0x0000000800000000)
  region size 1024K, 24 young (24576K), 0 survivors (0K)
 Metaspace       used 11585K, capacity 11840K, committed 12032K, reserved 1060864K
  class space    used 1114K, capacity 1184K, committed 1280K, reserved 1048576K
}
Event: 1.401 GC heap after
{Heap after GC invocations=1 (full 0):
 garbage-first heap   total 260096K, used 7291K [0x0000000702000000, 0x0000000800000000)
  region size 1024K, 3 young (3072K), 3 survivors (3072K)
 Metaspace       used 11585K, capacity 11840K, committed 12032K, reserved 1060864K
  class space    used 1114K, capacity 1184K, committed 1280K, reserved 1048576K
}
Event: 2.709 GC heap before
{Heap before GC invocations=1 (full 0):
 garbage-first heap   total 260096K, used 91259K [0x0000000702000000, 0x0000000800000000)
  region size 1024K, 87 young (89088K), 3 survivors (3072K)
 Metaspace       used 20636K, capacity 21148K, committed 21248K, reserved 1069056K
  class space    used 2304K, capacity 2512K, committed 2560K, reserved 1048576K
}
Event: 2.717 GC heap after
{Heap after GC invocations=2 (full 0):
 garbage-first heap   total 260096K, used 9575K [0x0000000702000000, 0x0000000800000000)
  region size 1024K, 6 young (6144K), 6 survivors (6144K)
 Metaspace       used 20636K, capacity 21148K, committed 21248K, reserved 1069056K
  class space    used 2304K, capacity 2512K, committed 2560K, reserved 1048576K
}
Event: 3.084 GC heap before
{Heap before GC invocations=3 (full 0):
 garbage-first heap   total 260096K, used 45415K [0x0000000702000000, 0x0000000800000000)
  region size 1024K, 41 young (41984K), 6 survivors (6144K)
 Metaspace       used 24502K, capacity 25144K, committed 25472K, reserved 1071104K
  class space    used 2881K, capacity 3119K, committed 3200K, reserved 1048576K
}
Event: 3.091 GC heap after
{Heap after GC invocations=4 (full 0):
 garbage-first heap   total 260096K, used 11067K [0x0000000702000000, 0x0000000800000000)
  region size 1024K, 4 young (4096K), 4 survivors (4096K)
 Metaspace       used 24502K, capacity 25144K, committed 25472K, reserved 1071104K
  class space    used 2881K, capacity 3119K, committed 3200K, reserved 1048576K
}
Event: 4.043 GC heap before
{Heap before GC invocations=4 (full 0):
 garbage-first heap   total 260096K, used 114491K [0x0000000702000000, 0x0000000800000000)
  region size 1024K, 106 young (108544K), 4 survivors (4096K)
 Metaspace       used 31257K, capacity 32182K, committed 32512K, reserved 1077248K
  class space    used 3661K, capacity 4012K, committed 4096K, reserved 1048576K
}
Event: 4.048 GC heap after
{Heap after GC invocations=5 (full 0):
 garbage-first heap   total 260096K, used 13106K [0x0000000702000000, 0x0000000800000000)
  region size 1024K, 6 young (6144K), 6 survivors (6144K)
 Metaspace       used 31257K, capacity 32182K, committed 32512K, reserved 1077248K
  class space    used 3661K, capacity 4012K, committed 4096K, reserved 1048576K
}
Event: 4.978 GC heap before
{Heap before GC invocations=5 (full 0):
 garbage-first heap   total 260096K, used 44850K [0x0000000702000000, 0x0000000800000000)
  region size 1024K, 38 young (38912K), 6 survivors (6144K)
 Metaspace       used 34855K, capacity 35742K, committed 35840K, reserved 1081344K
  class space    used 4157K, capacity 4525K, committed 4608K, reserved 1048576K
}
Event: 4.987 GC heap after
{Heap after GC invocations=6 (full 0):
 garbage-first heap   total 260096K, used 14584K [0x0000000702000000, 0x0000000800000000)
  region size 1024K, 8 young (8192K), 8 survivors (8192K)
 Metaspace       used 34855K, capacity 35742K, committed 35840K, reserved 1081344K
  class space    used 4157K, capacity 4525K, committed 4608K, reserved 1048576K
}

